[2025-08-19T12:19:38.834Z] GET /api/logs?type=requests
[2025-08-19T12:19:39.591Z] GET /admin.html
[2025-08-19T12:19:39.608Z] GET /style.css
[2025-08-19T12:19:39.609Z] GET /admin.js
[2025-08-19T12:19:39.630Z] GET /api/requests
[2025-08-19T12:19:50.649Z] GET /admin.html
[2025-08-19T12:19:50.673Z] GET /style.css
[2025-08-19T12:19:50.675Z] GET /admin.js
[2025-08-19T12:19:50.693Z] GET /api/requests
[2025-08-19T12:19:53.640Z] GET /api/logs?type=requests
[2025-08-19T12:19:54.959Z] GET /api/logs?type=access
[2025-08-19T12:19:56.206Z] GET /api/logs?type=notifications
[2025-08-19T12:19:57.587Z] GET /api/logs?type=requests
[2025-08-19T12:19:58.698Z] GET /api/requests
[2025-08-19T12:19:58.857Z] GET /api/requests
[2025-08-19T12:19:59.019Z] GET /api/requests
[2025-08-19T12:21:02.405Z] GET /admin.html
[2025-08-19T12:21:02.427Z] GET /style.css
[2025-08-19T12:21:02.434Z] GET /admin.js
[2025-08-19T12:21:02.453Z] GET /api/requests
[2025-08-19T12:21:03.297Z] GET /api/requests
[2025-08-19T12:21:03.487Z] GET /api/requests
[2025-08-19T12:21:03.644Z] GET /api/requests
[2025-08-19T12:21:04.387Z] GET /
[2025-08-19T12:21:04.418Z] GET /style.css
[2025-08-19T12:21:04.428Z] GET /script.js
[2025-08-19T12:21:17.870Z] POST /request-program
[2025-08-19T12:21:17.876Z] GET /success.html?id=1755606077871-c5ecd7
[2025-08-19T12:21:17.918Z] GET /style.css
[2025-08-19T12:21:17.937Z] GET /api/requests/1755606077871-c5ecd7
[2025-08-19T12:21:22.995Z] GET /api/requests/1755606077871-c5ecd7
[2025-08-19T12:21:28.008Z] GET /api/requests/1755606077871-c5ecd7
[2025-08-19T12:21:33.014Z] GET /api/requests/1755606077871-c5ecd7
[2025-08-19T12:21:38.018Z] GET /api/requests/1755606077871-c5ecd7
[2025-08-19T12:21:43.027Z] GET /api/requests/1755606077871-c5ecd7
[2025-08-19T12:21:48.032Z] GET /api/requests/1755606077871-c5ecd7
[2025-08-19T12:21:53.040Z] GET /api/requests/1755606077871-c5ecd7
[2025-08-19T12:21:53.232Z] GET /
[2025-08-19T12:21:53.262Z] GET /style.css
[2025-08-19T12:21:53.267Z] GET /script.js
[2025-08-19T12:22:06.566Z] POST /request-program
[2025-08-19T12:22:06.572Z] GET /success.html?id=1755606126567-ff2cc2
[2025-08-19T12:22:06.614Z] GET /style.css
[2025-08-19T12:22:06.633Z] GET /api/requests/1755606126567-ff2cc2
[2025-08-19T12:22:08.102Z] GET /admin.html
[2025-08-19T12:22:08.132Z] GET /style.css
[2025-08-19T12:22:08.134Z] GET /admin.js
[2025-08-19T12:22:08.162Z] GET /api/requests
[2025-08-19T12:22:10.956Z] GET /api/logs?type=requests
[2025-08-19T12:22:48.240Z] GET /api/logs?type=requests
[2025-08-19T12:22:49.303Z] GET /api/logs?type=access
[2025-08-19T12:22:51.813Z] GET /api/logs?type=notifications
[2025-08-19T12:22:59.844Z] POST /api/requests/1755606126567-ff2cc2/approve
[2025-08-19T12:22:59.863Z] GET /api/requests
[2025-08-19T12:23:03.706Z] GET /api/logs?type=requests
[2025-08-19T12:23:24.805Z] GET /api/logs?type=requests
[2025-08-19T12:23:26.947Z] GET /api/logs?type=requests
[2025-08-19T12:23:36.248Z] GET /api/logs?type=notifications
[2025-08-19T12:24:06.449Z] GET /
[2025-08-19T12:24:06.497Z] GET /style.css
[2025-08-19T12:24:06.506Z] GET /script.js
[2025-08-19T12:25:16.943Z] GET /admin.html
[2025-08-19T12:25:16.978Z] GET /style.css
[2025-08-19T12:25:16.986Z] GET /admin.js
[2025-08-19T12:25:17.021Z] GET /api/requests
